[0m[38;2;0;255;0;1m[ 93%]:[0m [38;2;255;0;255;1mlinking.release ImmersiveUI.dll[0m
[0m[1;38;2;255;0;0;1merror: [0m   Criando biblioteca build\windows\x64\release\ImmersiveUI.lib e objeto build\windows\x64\release\ImmersiveUI.exp
VRUIButton.cpp.obj : error LNK2019: símbolo externo não resolvido, "public: virtual __cdecl RE::NiObjectNET::~NiObjectNET(void)" (??1NiObjectNET@RE@@UEAA@XZ), referenciado na função "public: virtual void * __cdecl RE::NiObjectNET::`scalar deleting destructor'(unsigned int)" (??_GNiObjectNET@RE@@UEAAPEAXI@Z)
VRUIButton.cpp.obj : error LNK2001: símbolo externo não resolvido "public: virtual class RE::NiRTTI const * __cdecl RE::NiObjectNET::GetRTTI(void)const " (?GetRTTI@NiObjectNET@RE@@UEBAPEBVNiRTTI@2@XZ)
VRUIButton.cpp.obj : error LNK2001: símbolo externo não resolvido "public: virtual void __cdecl RE::NiObjectNET::LoadBinary(class RE::NiStream &)" (?LoadBinary@NiObjectNET@RE@@UEAAXAEAVNiStream@2@@Z)
VRUIButton.cpp.obj : error LNK2001: símbolo externo não resolvido "public: virtual void __cdecl RE::NiObjectNET::LinkObject(class RE::NiStream &)" (?LinkObject@NiObjectNET@RE@@UEAAXAEAVNiStream@2@@Z)
VRUIButton.cpp.obj : error LNK2001: símbolo externo não resolvido "public: virtual bool __cdecl RE::NiObjectNET::RegisterStreamables(class RE::NiStream &)" (?RegisterStreamables@NiObjectNET@RE@@UEAA_NAEAVNiStream@2@@Z)
VRUIButton.cpp.obj : error LNK2001: símbolo externo não resolvido "public: virtual void __cdecl RE::NiObjectNET::SaveBinary(class RE::NiStream &)" (?SaveBinary@NiObjectNET@RE@@UEAAXAEAVNiStream@2@@Z)
VRUIButton.cpp.obj : error LNK2001: símbolo externo não resolvido "public: virtual bool __cdecl RE::NiObjectNET::IsEqual(class RE::NiObject *)" (?IsEqual@NiObjectNET@RE@@UEAA_NPEAVNiObject@2@@Z)
VRUIButton.cpp.obj : error LNK2001: símbolo externo não resolvido "public: virtual void __cdecl RE::NiObjectNET::ProcessClone(class RE::NiCloningProcess &)" (?ProcessClone@NiObjectNET@RE@@UEAAXAEAVNiCloningProcess@2@@Z)
VRUIButton.cpp.obj : error LNK2001: símbolo externo não resolvido "public: virtual void __cdecl RE::NiObjectNET::PostLinkObject(class RE::NiStream &)" (?PostLinkObject@NiObjectNET@RE@@UEAAXAEAVNiStream@2@@Z)
VRUIButton.cpp.obj : error LNK2019: símbolo externo não resolvido, "public: virtual __cdecl RE::NiProperty::~NiProperty(void)" (??1NiProperty@RE@@UEAA@XZ), referenciado na função "public: virtual void * __cdecl RE::NiProperty::`scalar deleting destructor'(unsigned int)" (??_GNiProperty@RE@@UEAAPEAXI@Z)
VRUIButton.cpp.obj : error LNK2001: símbolo externo não resolvido "public: virtual class RE::NiRTTI const * __cdecl RE::NiProperty::GetRTTI(void)const " (?GetRTTI@NiProperty@RE@@UEBAPEBVNiRTTI@2@XZ)
VRUIButton.cpp.obj : error LNK2001: símbolo externo não resolvido "public: virtual void __cdecl RE::NiProperty::LoadBinary(class RE::NiStream &)" (?LoadBinary@NiProperty@RE@@UEAAXAEAVNiStream@2@@Z)
VRUIButton.cpp.obj : error LNK2001: símbolo externo não resolvido "public: virtual void __cdecl RE::NiProperty::LinkObject(class RE::NiStream &)" (?LinkObject@NiProperty@RE@@UEAAXAEAVNiStream@2@@Z)
VRUIButton.cpp.obj : error LNK2001: símbolo externo não resolvido "public: virtual bool __cdecl RE::NiProperty::RegisterStreamables(class RE::NiStream &)" (?RegisterStreamables@NiProperty@RE@@UEAA_NAEAVNiStream@2@@Z)
VRUIButton.cpp.obj : error LNK2001: símbolo externo não resolvido "public: virtual void __cdecl RE::NiProperty::SaveBinary(class RE::NiStream &)" (?SaveBinary@NiProperty@RE@@UEAAXAEAVNiStream@2@@Z)
VRUIButton.cpp.obj : error LNK2001: símbolo externo não resolvido "public: virtual bool __cdecl RE::NiProperty::IsEqual(class RE::NiObject *)" (?IsEqual@NiProperty@RE@@UEAA_NPEAVNiObject@2@@Z)
VRUIButton.cpp.obj : error LNK2001: símbolo externo não resolvido "public: virtual void __cdecl RE::NiProperty::ProcessClone(class RE::NiCloningProcess &)" (?ProcessClone@NiProperty@RE@@UEAAXAEAVNiCloningProcess@2@@Z)
VRUIButton.cpp.obj : error LNK2001: símbolo externo não resolvido "public: virtual void __cdecl RE::NiProperty::Update(float)" (?Update@NiProperty@RE@@UEAAXM@Z)
VRUIButton.cpp.obj : error LNK2019: símbolo externo não resolvido, "public: virtual __cdecl RE::NiAlphaProperty::~NiAlphaProperty(void)" (??1NiAlphaProperty@RE@@UEAA@XZ), referenciado na função "public: virtual void * __cdecl RE::NiAlphaProperty::`scalar deleting destructor'(unsigned int)" (??_GNiAlphaProperty@RE@@UEAAPEAXI@Z)
VRUIButton.cpp.obj : error LNK2001: símbolo externo não resolvido "public: virtual class RE::NiRTTI const * __cdecl RE::NiAlphaProperty::GetRTTI(void)const " (?GetRTTI@NiAlphaProperty@RE@@UEBAPEBVNiRTTI@2@XZ)
VRUIButton.cpp.obj : error LNK2001: símbolo externo não resolvido "public: virtual class RE::NiObject * __cdecl RE::NiAlphaProperty::CreateClone(class RE::NiCloningProcess &)" (?CreateClone@NiAlphaProperty@RE@@UEAAPEAVNiObject@2@AEAVNiCloningProcess@2@@Z)
VRUIButton.cpp.obj : error LNK2001: símbolo externo não resolvido "public: virtual void __cdecl RE::NiAlphaProperty::LoadBinary(class RE::NiStream &)" (?LoadBinary@NiAlphaProperty@RE@@UEAAXAEAVNiStream@2@@Z)
VRUIButton.cpp.obj : error LNK2001: símbolo externo não resolvido "public: virtual void __cdecl RE::NiAlphaProperty::LinkObject(class RE::NiStream &)" (?LinkObject@NiAlphaProperty@RE@@UEAAXAEAVNiStream@2@@Z)
VRUIButton.cpp.obj : error LNK2001: símbolo externo não resolvido "public: virtual bool __cdecl RE::NiAlphaProperty::RegisterStreamables(class RE::NiStream &)" (?RegisterStreamables@NiAlphaProperty@RE@@UEAA_NAEAVNiStream@2@@Z)
VRUIButton.cpp.obj : error LNK2001: símbolo externo não resolvido "public: virtual void __cdecl RE::NiAlphaProperty::SaveBinary(class RE::NiStream &)" (?SaveBinary@NiAlphaProperty@RE@@UEAAXAEAVNiStream@2@@Z)
VRUIButton.cpp.obj : error LNK2001: símbolo externo não resolvido "public: virtual bool __cdecl RE::NiAlphaProperty::IsEqual(class RE::NiObject *)" (?IsEqual@NiAlphaProperty@RE@@UEAA_NPEAVNiObject@2@@Z)
VRUIButton.cpp.obj : error LNK2001: símbolo externo não resolvido "public: virtual enum RE::NiProperty::Type __cdecl RE::NiAlphaProperty::GetType(void)const " (?GetType@NiAlphaProperty@RE@@UEBA?AW4Type@NiProperty@2@XZ)
build\windows\x64\release\ImmersiveUI.dll : fatal error LNK1120: 27 externo não resolvidos
[0m
